2024-10-13 01:14:18.935 | ERROR    | __main__:<module>:24 - SGB list seems to be empty. Error when fetching from NSE? Check if anything exists on https://www.nseindia.com/market-data/sovereign-gold-bond
2024-10-29 01:52:44.017 | ERROR    | src.sgb_advisor.notify.teleg:test_bot_status:83 - Telegram bot not able to authenticate. Error - Not Found
2024-10-29 01:52:44.563 | ERROR    | src.sgb_advisor.notify.teleg:check_chat_id:113 - Could not find chat corresponding to chat_id - 0. Error - Not Found
2024-10-29 01:53:59.107 | ERROR    | src.sgb_advisor.notify.teleg:test_bot_status:83 - Telegram bot not able to authenticate. Error - Not Found
2024-10-29 01:54:00.235 | ERROR    | src.sgb_advisor.notify.teleg:check_chat_id:113 - Could not find chat corresponding to chat_id - 0. Error - Not Found
2024-10-29 01:55:08.377 | ERROR    | src.sgb_advisor.notify.teleg:test_bot_status:85 - Telegram bot not able to authenticate. Error - Not Found
2024-10-29 01:55:08.841 | ERROR    | src.sgb_advisor.notify.teleg:check_chat_id:115 - Could not find chat corresponding to chat_id - 0. Error - Not Found
2024-10-29 01:55:53.989 | ERROR    | src.sgb_advisor.notify.teleg:test_bot_status:86 - Telegram bot not able to authenticate. Error - Not Found
2024-10-29 01:55:54.519 | ERROR    | src.sgb_advisor.notify.teleg:check_chat_id:116 - Could not find chat corresponding to chat_id - 0. Error - Not Found
2024-10-29 02:00:12.075 | ERROR    | src.sgb_advisor.notify.teleg:test_bot_status:90 - Telegram bot not able to authenticate. Error - Not Found
2024-10-29 02:00:12.545 | ERROR    | src.sgb_advisor.notify.teleg:check_chat_id:120 - Could not find chat corresponding to chat_id - 0. Error - Not Found
2024-10-29 02:00:40.777 | ERROR    | src.sgb_advisor.notify.teleg:test_bot_status:92 - Telegram bot not able to authenticate. Error - Not Found
2024-10-29 02:00:41.255 | ERROR    | src.sgb_advisor.notify.teleg:check_chat_id:122 - Could not find chat corresponding to chat_id - 0. Error - Not Found
2024-10-29 02:01:30.364 | ERROR    | src.sgb_advisor.notify.teleg:test_bot_status:92 - Telegram bot not able to authenticate. Error - Not Found
2024-10-29 02:01:30.822 | ERROR    | src.sgb_advisor.notify.teleg:check_chat_id:122 - Could not find chat corresponding to chat_id - 0. Error - Not Found
2024-10-29 02:02:52.712 | ERROR    | src.sgb_advisor.notify.teleg:test_bot_status:92 - Telegram bot not able to authenticate. Error - Not Found
2024-10-29 02:02:53.173 | ERROR    | src.sgb_advisor.notify.teleg:check_chat_id:122 - Could not find chat corresponding to chat_id - 0. Error - Not Found
2024-10-29 02:07:05.401 | INFO     | src.sgb_advisor.notify.teleg:test_bot_status:85 - Telegram bot is be authenticated and running at "@sgbadvisorbot"
2024-10-29 02:07:06.042 | INFO     | src.sgb_advisor.notify.teleg:check_chat_id:115 - Chat ID is valid and corresponds to username "@heliozelio".
2024-10-29 02:07:44.738 | INFO     | src.sgb_advisor.notify.teleg:test_bot_status:85 - Telegram bot is be authenticated and running at "@sgbadvisorbot"
2024-10-29 02:07:45.209 | INFO     | src.sgb_advisor.notify.teleg:check_chat_id:115 - Chat ID is valid and corresponds to username "@heliozelio".
2024-10-29 02:12:44.083 | INFO     | src.sgb_advisor.notify.teleg:test_bot_status:88 - Telegram bot is be authenticated and running at "@sgbadvisorbot"
2024-10-29 02:12:44.776 | INFO     | src.sgb_advisor.notify.teleg:check_chat_id:118 - Chat ID is valid and corresponds to username "@heliozelio".
2024-10-29 02:12:45.477 | INFO     | src.sgb_advisor.notify.teleg:send_telegram_message:55 - Succesfully sent message to heliozelio with message_id 6
2024-10-29 02:13:14.262 | INFO     | src.sgb_advisor.notify.teleg:test_bot_status:88 - Telegram bot is be authenticated and running at "@sgbadvisorbot"
2024-10-29 02:13:14.749 | INFO     | src.sgb_advisor.notify.teleg:check_chat_id:118 - Chat ID is valid and corresponds to username "@heliozelio".
2024-10-29 02:13:15.514 | INFO     | src.sgb_advisor.notify.teleg:send_telegram_message:55 - Succesfully sent message to "@heliozelio" with message_id 7
2024-10-29 02:13:45.065 | INFO     | src.sgb_advisor.notify.teleg:test_bot_status:88 - Telegram bot is be authenticated and running at "@sgbadvisorbot"
2024-10-29 02:13:45.711 | INFO     | src.sgb_advisor.notify.teleg:check_chat_id:118 - Chat ID is valid and corresponds to username "@heliozelio".
2024-10-29 02:13:46.348 | INFO     | src.sgb_advisor.notify.teleg:send_telegram_message:55 - Succesfully sent message to @heliozelio with message_id 8
2024-10-29 02:13:57.659 | INFO     | src.sgb_advisor.notify.teleg:test_bot_status:88 - Telegram bot is be authenticated and running at "@sgbadvisorbot"
2024-10-29 02:13:58.149 | INFO     | src.sgb_advisor.notify.teleg:check_chat_id:118 - Chat ID is valid and corresponds to username "@heliozelio".
2024-10-29 02:13:58.805 | INFO     | src.sgb_advisor.notify.teleg:send_telegram_message:55 - Succesfully sent message to @heliozelio with message_id 9
2024-10-29 02:21:08.608 | INFO     | src.sgb_advisor.notify.teleg:test_bot_status:91 - Telegram bot is be authenticated and running at "@sgbadvisorbot"
2024-10-29 02:21:10.046 | INFO     | src.sgb_advisor.notify.teleg:check_chat_id:121 - Chat ID is valid and corresponds to username "@heliozelio".
2024-10-29 02:21:11.551 | INFO     | src.sgb_advisor.notify.teleg:send_telegram_message:58 - Succesfully sent message to @heliozelio with message_id 10
2024-10-29 02:21:53.125 | INFO     | src.sgb_advisor.notify.teleg:test_bot_status:88 - Telegram bot is be authenticated and running at "@sgbadvisorbot"
2024-10-29 02:21:53.666 | INFO     | src.sgb_advisor.notify.teleg:check_chat_id:118 - Chat ID is valid and corresponds to username "@heliozelio".
2024-10-29 02:21:56.411 | INFO     | src.sgb_advisor.notify.teleg:send_telegram_message:55 - Succesfully sent message to @heliozelio with message_id 11
2024-10-29 02:22:14.406 | INFO     | src.sgb_advisor.notify.teleg:test_bot_status:88 - Telegram bot is be authenticated and running at "@sgbadvisorbot"
2024-10-29 02:22:15.248 | INFO     | src.sgb_advisor.notify.teleg:check_chat_id:118 - Chat ID is valid and corresponds to username "@heliozelio".
2024-10-29 02:22:16.937 | INFO     | src.sgb_advisor.notify.teleg:send_telegram_message:55 - Succesfully sent message to @heliozelio with message_id 12
2024-10-29 02:23:50.338 | INFO     | src.sgb_advisor.notify.teleg:test_bot_status:88 - Telegram bot is be authenticated and running at "@sgbadvisorbot"
2024-10-29 02:23:51.788 | INFO     | src.sgb_advisor.notify.teleg:check_chat_id:118 - Chat ID is valid and corresponds to username "@heliozelio".
2024-10-29 02:23:52.503 | INFO     | src.sgb_advisor.notify.teleg:send_telegram_message:55 - Succesfully sent message to @heliozelio with message_id 13
2024-10-29 02:24:09.167 | INFO     | src.sgb_advisor.notify.teleg:test_bot_status:90 - Telegram bot is be authenticated and running at "@sgbadvisorbot"
2024-10-29 02:24:09.635 | INFO     | src.sgb_advisor.notify.teleg:check_chat_id:120 - Chat ID is valid and corresponds to username "@heliozelio".
2024-10-29 02:24:10.328 | INFO     | src.sgb_advisor.notify.teleg:send_telegram_message:57 - Succesfully sent message to @heliozelio with message_id 14
2024-10-29 02:24:27.649 | INFO     | src.sgb_advisor.notify.teleg:test_bot_status:88 - Telegram bot is be authenticated and running at "@sgbadvisorbot"
2024-10-29 02:24:28.112 | INFO     | src.sgb_advisor.notify.teleg:check_chat_id:118 - Chat ID is valid and corresponds to username "@heliozelio".
2024-10-29 02:24:28.786 | INFO     | src.sgb_advisor.notify.teleg:send_telegram_message:55 - Succesfully sent message to @heliozelio with message_id 15
2024-10-29 02:29:48.962 | INFO     | src.sgb_advisor.notify.teleg:test_bot_status:89 - Telegram bot is be authenticated and running at "@sgbadvisorbot"
2024-10-29 02:29:49.614 | INFO     | src.sgb_advisor.notify.teleg:check_chat_id:119 - Chat ID is valid and corresponds to username "@heliozelio".
2024-10-29 02:29:50.281 | INFO     | src.sgb_advisor.notify.teleg:send_telegram_message:56 - Succesfully sent message to @heliozelio with message_id 16
2024-10-29 02:29:58.988 | INFO     | src.sgb_advisor.notify.teleg:test_bot_status:89 - Telegram bot is be authenticated and running at "@sgbadvisorbot"
2024-10-29 02:29:59.463 | INFO     | src.sgb_advisor.notify.teleg:check_chat_id:119 - Chat ID is valid and corresponds to username "@heliozelio".
2024-10-29 02:30:00.111 | INFO     | src.sgb_advisor.notify.teleg:send_telegram_message:56 - Succesfully sent message to @heliozelio with message_id 17
2024-10-29 02:35:14.634 | INFO     | src.sgb_advisor.notify.teleg:test_bot_status:91 - Telegram bot is be authenticated and running at "@sgbadvisorbot"
2024-10-29 02:35:15.306 | INFO     | src.sgb_advisor.notify.teleg:check_chat_id:121 - Chat ID is valid and corresponds to username "@heliozelio".
2024-10-29 02:35:15.978 | INFO     | src.sgb_advisor.notify.teleg:send_telegram_message:58 - Succesfully sent message to @heliozelio with message_id 18
2024-10-29 02:36:51.281 | INFO     | src.sgb_advisor.notify.teleg:test_bot_status:99 - Telegram bot is be authenticated and running at "@sgbadvisorbot"
2024-10-29 02:36:51.991 | INFO     | src.sgb_advisor.notify.teleg:check_chat_id:129 - Chat ID is valid and corresponds to username "@heliozelio".
2024-10-29 02:36:52.656 | INFO     | src.sgb_advisor.notify.teleg:send_telegram_message:66 - Succesfully sent message to @heliozelio with message_id 19
2024-10-29 02:40:03.486 | INFO     | src.sgb_advisor.notify.teleg:test_bot_status:95 - Telegram bot is be authenticated and running at "@sgbadvisorbot"
2024-10-29 02:40:04.193 | INFO     | src.sgb_advisor.notify.teleg:check_chat_id:125 - Chat ID is valid and corresponds to username "@heliozelio".
2024-10-29 02:40:04.651 | ERROR    | src.sgb_advisor.notify.teleg:send_telegram_message:67 - Could not sent message to 735210822. Error - Bad Request: there is no photo in the request
2024-10-29 02:43:33.726 | INFO     | src.sgb_advisor.notify.teleg:test_bot_status:95 - Telegram bot is be authenticated and running at "@sgbadvisorbot"
2024-10-29 02:43:34.384 | INFO     | src.sgb_advisor.notify.teleg:check_chat_id:125 - Chat ID is valid and corresponds to username "@heliozelio".
2024-10-29 02:43:35.257 | ERROR    | src.sgb_advisor.notify.teleg:send_telegram_message:67 - Could not sent message to 735210822. Error - Bad Request: wrong remote file identifier specified: Wrong character in the string
2024-10-29 02:44:40.460 | INFO     | src.sgb_advisor.notify.teleg:test_bot_status:95 - Telegram bot is be authenticated and running at "@sgbadvisorbot"
2024-10-29 02:44:41.165 | INFO     | src.sgb_advisor.notify.teleg:check_chat_id:125 - Chat ID is valid and corresponds to username "@heliozelio".
2024-10-29 02:44:42.613 | INFO     | src.sgb_advisor.notify.teleg:send_telegram_message:62 - Succesfully sent message to @heliozelio with message_id 20
2024-10-29 02:49:31.400 | INFO     | src.sgb_advisor.notify.teleg:test_bot_status:130 - Telegram bot is be authenticated and running at "@sgbadvisorbot"
2024-10-29 02:49:32.070 | INFO     | src.sgb_advisor.notify.teleg:check_chat_id:160 - Chat ID is valid and corresponds to username "@heliozelio".
2024-10-29 02:49:32.742 | INFO     | src.sgb_advisor.notify.teleg:send_message:53 - Succesfully sent message to @heliozelio with message_id 21
2024-10-29 13:34:01.403 | INFO     | src.sgb_advisor.data:get_sgbs:137 - Fetched all SGB data from NSE website. Sample - "SGBJUL27 - Issued at ₹3443.0 - LTP ₹8550.0 - 2.5% interest - 2027-07-16"
2024-10-29 13:34:18.175 | INFO     | src.sgb_advisor.data:get_price_of_gold:195 - Fetched price of gold from IBJA as 7885.0
2024-10-29 13:34:21.724 | INFO     | src.sgb_advisor.notify.email_sender:send_email:203 - Email sent to ! Message ID: 01000192d74def74-c9dd51e2-f633-4ca1-819e-7e829b3dff10-000000
2024-10-29 13:38:54.547 | INFO     | src.sgb_advisor.data:get_sgbs:81 - Trying to fetch list of SGBs from https://www.nseindia.com/market-data/sovereign-gold-bond
2024-10-29 13:38:59.692 | INFO     | src.sgb_advisor.data:get_sgbs:139 - Fetched all SGB data from NSE website. Sample - "SGBJUL27 - Issued at ₹3443.0 - LTP ₹8550.0 - 2.5% interest - 2027-07-16"
2024-10-29 13:39:17.429 | INFO     | src.sgb_advisor.data:get_price_of_gold:197 - Fetched price of gold from IBJA as 7885.0
2024-10-29 13:39:20.015 | INFO     | src.sgb_advisor.notify.email_sender:send_email:203 - Email sent to ! Message ID: 01000192d7527c5a-6bf4f361-88ba-44c3-9ba2-05baccec373a-000000
2024-10-31 22:12:08.751 | INFO     | src.sgb_advisor.data:get_sgbs:35 - Fetching NSE SGB page at https://www.nseindia.com/market-data/sovereign-gold-bond
2024-10-31 22:12:21.569 | INFO     | src.sgb_advisor.data:get_sgbs:98 - Fetched all SGB data from NSE website. Sample data - "SGBOCT25IV - Issued at ₹2987.0 - LTP ₹8433.0 - 2.5% interest - 2025-10-23"
2024-10-31 22:12:24.002 | INFO     | src.sgb_advisor.data:get_price_of_gold:122 - Fetching IBJA page at https://www.ibja.co/
2024-10-31 22:12:43.066 | INFO     | src.sgb_advisor.data:get_sgbs:35 - Fetching NSE SGB page at https://www.nseindia.com/market-data/sovereign-gold-bond
2024-10-31 22:14:26.237 | WARNING  | src.sgb_advisor.data:get_sgbs:46 - Failed to fetch SGB info from NSE site when trying for the first time. Trying again
2024-10-31 22:17:46.247 | ERROR    | src.sgb_advisor.data:get_sgbs:54 - Could not fetch SGBs info from NSE site
2024-10-31 22:41:35.562 | INFO     | src.sgb_advisor.data:get_sgbs:35 - Fetching NSE SGB page at https://www.nseindia.com/market-data/sovereign-gold-bond
2024-10-31 22:43:21.209 | WARNING  | src.sgb_advisor.data:get_sgbs:46 - Failed to fetch SGB info from NSE site when trying for the first time. Trying again
2024-10-31 22:46:16.866 | INFO     | src.sgb_advisor.data:get_sgbs:35 - Fetching NSE SGB page at https://www.nseindia.com/market-data/sovereign-gold-bond
2024-10-31 22:47:28.802 | INFO     | src.sgb_advisor.data:get_sgbs:35 - Fetching NSE SGB page at https://www.nseindia.com/market-data/sovereign-gold-bond
2024-10-31 22:49:14.198 | WARNING  | src.sgb_advisor.data:get_sgbs:46 - Failed to fetch SGB info from NSE site when trying for the first time. Trying again
2024-10-31 22:51:50.454 | INFO     | src.sgb_advisor.data:get_sgbs:35 - Fetching NSE SGB page at https://www.nseindia.com/market-data/sovereign-gold-bond
2024-10-31 22:53:35.684 | WARNING  | src.sgb_advisor.data:get_sgbs:46 - Failed to fetch SGB info from NSE site when trying for the first time. Trying again
2024-10-31 22:58:17.153 | INFO     | src.sgb_advisor.data:get_sgbs:35 - Fetching NSE SGB page at https://www.nseindia.com/market-data/sovereign-gold-bond
2024-10-31 22:58:32.842 | INFO     | src.sgb_advisor.data:get_sgbs:35 - Fetching NSE SGB page at https://www.nseindia.com/market-data/sovereign-gold-bond
2024-10-31 23:13:59.630 | INFO     | src.sgb_advisor.data:get_sgbs:35 - Fetching NSE SGB page at https://www.nseindia.com/market-data/sovereign-gold-bond
2024-10-31 23:14:23.020 | INFO     | src.sgb_advisor.data:get_sgbs:35 - Fetching NSE SGB page at https://www.nseindia.com/market-data/sovereign-gold-bond
2024-10-31 23:19:30.369 | INFO     | src.sgb_advisor.data:get_sgbs:35 - Fetching NSE SGB page at https://www.nseindia.com/market-data/sovereign-gold-bond
2024-10-31 23:21:13.012 | WARNING  | src.sgb_advisor.data:get_sgbs:46 - Failed to fetch SGB info from NSE site when trying for the first time. Trying again
2024-10-31 23:21:51.562 | INFO     | src.sgb_advisor.data:get_sgbs:35 - Fetching NSE SGB page at https://www.nseindia.com/market-data/sovereign-gold-bond
2024-10-31 23:24:30.711 | WARNING  | src.sgb_advisor.data:get_sgbs:46 - Failed to fetch SGB info from NSE site when trying for the first time. Trying again
2024-10-31 23:25:27.335 | INFO     | src.sgb_advisor.data:get_sgbs:35 - Fetching NSE SGB page at https://www.nseindia.com/market-data/sovereign-gold-bond
2024-10-31 23:26:23.044 | INFO     | src.sgb_advisor.data:get_sgbs:35 - Fetching NSE SGB page at https://www.nseindia.com/market-data/sovereign-gold-bond
2024-10-31 23:28:07.050 | WARNING  | src.sgb_advisor.data:get_sgbs:46 - Failed to fetch SGB info from NSE site when trying for the first time. Trying again
2024-10-31 23:29:04.208 | INFO     | src.sgb_advisor.data:get_sgbs:38 - Fetching NSE SGB page at https://www.nseindia.com/market-data/sovereign-gold-bond
2024-10-31 23:29:11.787 | INFO     | src.sgb_advisor.data:get_sgbs:101 - Fetched all SGB data from NSE website. Sample data - "SGBOCT25IV - Issued at ₹2987.0 - LTP ₹8433.0 - 2.5% interest - 2025-10-23"
2024-10-31 23:29:14.562 | INFO     | src.sgb_advisor.data:get_price_of_gold:122 - Fetching IBJA page at https://www.ibja.co/
2024-10-31 23:29:30.293 | INFO     | src.sgb_advisor.data:get_price_of_gold:143 - Fetched price of gold from IBJA as 7956.0
2024-10-31 23:29:30.298 | INFO     | src.sgb_advisor.notify:guess_mode_of_notification:83 - Mode of operation is set to "('telegram',)"
2024-10-31 23:30:45.923 | INFO     | src.sgb_advisor.data:get_sgbs:38 - Fetching NSE SGB page at https://www.nseindia.com/market-data/sovereign-gold-bond
2024-10-31 23:32:33.422 | INFO     | src.sgb_advisor.data:get_sgbs:38 - Fetching NSE SGB page at https://www.nseindia.com/market-data/sovereign-gold-bond
2024-10-31 23:32:45.282 | INFO     | src.sgb_advisor.data:get_sgbs:101 - Fetched all SGB data from NSE website. Sample data - "SGBOCT25IV - Issued at ₹2987.0 - LTP ₹8433.0 - 2.5% interest - 2025-10-23"
2024-10-31 23:32:48.659 | INFO     | src.sgb_advisor.data:get_price_of_gold:122 - Fetching IBJA page at https://www.ibja.co/
2024-10-31 23:33:01.651 | INFO     | src.sgb_advisor.data:get_price_of_gold:143 - Fetched price of gold from IBJA as 7956.0
2024-10-31 23:33:01.653 | INFO     | src.sgb_advisor.notify:guess_mode_of_notification:83 - Mode of operation is set to "('telegram',)"
2024-10-31 23:37:34.183 | INFO     | src.sgb_advisor.data:get_sgbs:38 - Fetching NSE SGB page at https://www.nseindia.com/market-data/sovereign-gold-bond
2024-10-31 23:37:58.258 | INFO     | src.sgb_advisor.data:get_sgbs:38 - Fetching NSE SGB page at https://www.nseindia.com/market-data/sovereign-gold-bond
2024-10-31 23:38:05.094 | INFO     | src.sgb_advisor.data:get_sgbs:38 - Fetching NSE SGB page at https://www.nseindia.com/market-data/sovereign-gold-bond
2024-10-31 23:39:46.792 | WARNING  | src.sgb_advisor.data:get_sgbs:49 - Failed to fetch SGB info from NSE site when trying for the first time. Trying again
2024-10-31 23:41:47.828 | INFO     | src.sgb_advisor.data:get_sgbs:38 - Fetching NSE SGB page at https://www.nseindia.com/market-data/sovereign-gold-bond
2024-10-31 23:45:37.305 | INFO     | src.sgb_advisor.data:get_sgbs:38 - Fetching NSE SGB page at https://www.nseindia.com/market-data/sovereign-gold-bond
2024-10-31 23:47:22.389 | WARNING  | src.sgb_advisor.data:get_sgbs:49 - Failed to fetch SGB info from NSE site when trying for the first time. Trying again
2024-11-01 03:16:23.485 | INFO     | src.sgb_advisor.data:get_sgbs_from_nse_site:45 - fetching NSE SGB page at https://www.nseindia.com/market-data/sovereign-gold-bond
2024-11-01 03:16:29.606 | INFO     | src.sgb_advisor.data:get_sgbs_from_nse_site:108 - fetched all SGB data from NSE website. Sample data - "SGBOCT25IV - Issued at ₹2987.0 - LTP ₹8433.0 - 2.5% interest - 2025-10-23"
2024-11-01 03:16:31.270 | INFO     | src.sgb_advisor.data:get_price_of_gold:143 - fetching IBJA page at https://www.ibja.co/
2024-11-01 03:16:48.307 | INFO     | src.sgb_advisor.data:get_price_of_gold:164 - fetched price of gold from IBJA as 7956.0
2024-11-01 03:16:48.310 | INFO     | src.sgb_advisor.notify:guess_mode_of_notification:81 - mode of operation is set to "('email', 'telegram')"
2024-11-01 03:16:48.857 | INFO     | src.sgb_advisor.notify.teleg:test_bot_status:51 - telegram bot is be authenticated and running at "@sgbadvisorbot"
2024-11-01 03:16:49.514 | INFO     | src.sgb_advisor.notify.teleg:check_chat_id:81 - chat ID is valid and corresponds to username "@heliozelio".
2024-11-01 03:16:51.505 | INFO     | src.sgb_advisor.notify.teleg:generate_screenshot_of_html:252 - taking screenshot of html file at C:\Users\V\AppData\Local\Temp/sgb_advisor/1730411209.5151684-5022.html
2024-11-01 03:16:51.730 | INFO     | src.sgb_advisor.notify.teleg:generate_screenshot_of_html:258 - saved screnshot to C:\Users\V\AppData\Local\Temp/sgb_advisor/1730411211.506961-8005..png
2024-11-01 03:16:54.683 | INFO     | src.sgb_advisor.notify.teleg:send_message_with_photo:233 - succesfully sent message to @heliozelio with message_id 33
2024-11-01 03:16:56.707 | INFO     | src.sgb_advisor.notify.email_sender:send_email:130 - email sent to sgb-****gopal.com! Message ID: 01000192e48bc25f-11e16858-835c-446b-9167-903d20304a3d-000000
2024-11-01 03:17:37.038 | INFO     | src.sgb_advisor.data:get_sgbs_from_nse_site:45 - fetching NSE SGB page at https://www.nseindia.com/market-data/sovereign-gold-bond - 0
2024-11-01 03:18:50.809 | INFO     | src.sgb_advisor.data:get_sgbs_from_nse_site:45 - fetching NSE SGB page at https://www.nseindia.com/market-data/sovereign-gold-bond - 1 times(s)
2024-11-01 03:20:05.396 | INFO     | src.sgb_advisor.data:get_sgbs_from_nse_site:45 - fetching NSE SGB page at https://www.nseindia.com/market-data/sovereign-gold-bond - 1 times(s)
2024-11-01 03:20:49.018 | INFO     | src.sgb_advisor.data:get_sgbs_from_nse_site:45 - fetching NSE SGB page at https://www.nseindia.com/market-data/sovereign-gold-bond - 1 times(s)
2024-11-01 03:22:31.815 | ERROR    | src.sgb_advisor.data:get_sgbs_from_nse_site:56 - could not fetch SGBs info from NSE site
2024-11-01 03:22:35.094 | INFO     | src.sgb_advisor.data:get_sgbs_from_nse_site:45 - fetching NSE SGB page at https://www.nseindia.com/market-data/sovereign-gold-bond - 2 times(s)
2024-11-01 03:24:17.425 | INFO     | src.sgb_advisor.data:get_sgbs_from_nse_site:45 - fetching NSE SGB page at https://www.nseindia.com/market-data/sovereign-gold-bond - 1 times(s)
2024-11-01 19:52:23.034 | INFO     | src.sgb_advisor.data:get_sgbs_from_nse_site:45 - fetching NSE SGB page at https://www.nseindia.com/market-data/sovereign-gold-bond - 1 times(s)
2024-11-01 19:53:20.704 | ERROR    | src.sgb_advisor.data:get_sgbs_from_nse_site:56 - could not fetch SGBs info from NSE site
2024-11-01 19:53:24.497 | INFO     | src.sgb_advisor.data:get_sgbs_from_nse_site:45 - fetching NSE SGB page at https://www.nseindia.com/market-data/sovereign-gold-bond - 2 times(s)
2024-11-01 19:54:41.368 | ERROR    | src.sgb_advisor.data:get_sgbs_from_nse_site:56 - could not fetch SGBs info from NSE site
2024-11-01 19:54:46.248 | INFO     | src.sgb_advisor.data:get_sgbs_from_nse_site:45 - fetching NSE SGB page at https://www.nseindia.com/market-data/sovereign-gold-bond - 3 times(s)
2024-11-01 19:55:22.233 | INFO     | src.sgb_advisor.data:get_sgbs_from_nse_site:100 - fetched all SGB data from NSE website. Sample data - "SGBFEB28IX - Issued at ₹4070.0 - LTP ₹8500.0 - 2.5% interest - 2028-02-11"
2024-11-01 19:55:24.734 | INFO     | src.sgb_advisor.data:get_price_of_gold:135 - fetching IBJA page at https://www.ibja.co/
2024-11-01 19:56:27.728 | INFO     | src.sgb_advisor.data:get_price_of_gold:156 - fetched price of gold from IBJA as 7956.0
2024-11-01 19:56:27.733 | INFO     | src.sgb_advisor.notify:guess_mode_of_notification:81 - mode of operation is set to "('email', 'telegram')"
2024-11-01 19:56:28.979 | INFO     | src.sgb_advisor.notify.teleg:test_bot_status:51 - telegram bot is be authenticated and running at "@sgbadvisorbot"
2024-11-01 19:56:31.455 | INFO     | src.sgb_advisor.notify.teleg:check_chat_id:81 - chat ID is valid and corresponds to username "@heliozelio".
2024-11-01 19:56:34.315 | INFO     | src.sgb_advisor.notify.teleg:generate_screenshot_of_html:252 - taking screenshot of html file at C:\Users\V\AppData\Local\Temp/sgb_advisor/1730471191.459579-405.html
2024-11-01 19:56:34.659 | INFO     | src.sgb_advisor.notify.teleg:generate_screenshot_of_html:258 - saved screnshot to C:\Users\V\AppData\Local\Temp/sgb_advisor/1730471194.3271885-6300..png
2024-11-01 19:56:39.035 | INFO     | src.sgb_advisor.notify.teleg:send_message_with_photo:233 - succesfully sent message to @heliozelio with message_id 34
2024-11-01 19:56:49.178 | INFO     | src.sgb_advisor.notify.email_sender:send_email:130 - email sent to sgb-****gopal.com! Message ID: 01000192e81f28e0-99f156f2-7c39-4c8e-8db0-faa09dd3a050-000000
2024-11-01 20:10:41.568 | INFO     | src.sgb_advisor.data:get_sgbs_from_nse_site:45 - fetching NSE SGB page at https://www.nseindia.com/market-data/sovereign-gold-bond - 1 times(s)
2024-11-01 20:11:46.239 | ERROR    | src.sgb_advisor.data:get_sgbs_from_nse_site:56 - could not fetch SGBs info from NSE site
2024-11-01 20:11:50.452 | INFO     | src.sgb_advisor.data:get_sgbs_from_nse_site:45 - fetching NSE SGB page at https://www.nseindia.com/market-data/sovereign-gold-bond - 2 times(s)
2024-11-01 20:12:00.158 | INFO     | src.sgb_advisor.data:get_sgbs_from_nse_site:100 - fetched all SGB data from NSE website. Sample data - "SGBFEB28IX - Issued at ₹4070.0 - LTP ₹8500.0 - 2.5% interest - 2028-02-11"
2024-11-01 20:12:02.711 | INFO     | src.sgb_advisor.data:get_price_of_gold:135 - fetching IBJA page at https://www.ibja.co/
2024-11-01 20:12:13.194 | INFO     | src.sgb_advisor.data:get_price_of_gold:156 - fetched price of gold from IBJA as 7956.0
2024-11-01 20:12:13.196 | INFO     | src.sgb_advisor.notify:guess_mode_of_notification:81 - mode of operation is set to "('telegram',)"
2024-11-01 20:12:13.820 | INFO     | src.sgb_advisor.notify.teleg:test_bot_status:51 - telegram bot is be authenticated and running at "@sgbadvisorbot"
2024-11-01 20:12:14.611 | INFO     | src.sgb_advisor.notify.teleg:check_chat_id:86 - chat ID is valid and corresponds to username "@heliozelio".
2024-11-01 20:12:17.407 | INFO     | src.sgb_advisor.notify.teleg:generate_screenshot_of_html:274 - taking screenshot of html file at C:\Users\V\AppData\Local\Temp/sgb_advisor/1730472134.6136477-8694.html
2024-11-01 20:12:17.760 | INFO     | src.sgb_advisor.notify.teleg:generate_screenshot_of_html:280 - saved screnshot to C:\Users\V\AppData\Local\Temp/sgb_advisor/1730472137.410263-934..png
2024-11-01 20:12:20.986 | INFO     | src.sgb_advisor.notify.teleg:send_message_with_photo:255 - succesfully sent message to @heliozelio with message_id 35
2024-11-01 21:41:53.813 | INFO     | src.sgb_advisor.data:get_sgbs_from_nse_site:45 - fetching NSE SGB page at https://www.nseindia.com/market-data/sovereign-gold-bond - 1 times(s)
2024-11-01 21:42:46.205 | ERROR    | src.sgb_advisor.data:get_sgbs_from_nse_site:56 - could not fetch SGBs info from NSE site
2024-11-01 21:42:49.558 | INFO     | src.sgb_advisor.data:get_sgbs_from_nse_site:45 - fetching NSE SGB page at https://www.nseindia.com/market-data/sovereign-gold-bond - 2 times(s)
2024-11-01 21:43:41.849 | ERROR    | src.sgb_advisor.data:get_sgbs_from_nse_site:56 - could not fetch SGBs info from NSE site
2024-11-01 21:43:45.338 | INFO     | src.sgb_advisor.data:get_sgbs_from_nse_site:45 - fetching NSE SGB page at https://www.nseindia.com/market-data/sovereign-gold-bond - 3 times(s)
2024-11-01 21:44:37.846 | ERROR    | src.sgb_advisor.data:get_sgbs_from_nse_site:56 - could not fetch SGBs info from NSE site
2024-11-01 21:44:40.828 | INFO     | src.sgb_advisor.data:get_sgbs_from_nse_site:45 - fetching NSE SGB page at https://www.nseindia.com/market-data/sovereign-gold-bond - 4 times(s)
2024-11-01 21:45:33.134 | ERROR    | src.sgb_advisor.data:get_sgbs_from_nse_site:56 - could not fetch SGBs info from NSE site
2024-11-01 21:45:36.977 | INFO     | src.sgb_advisor.data:get_sgbs_from_nse_site:45 - fetching NSE SGB page at https://www.nseindia.com/market-data/sovereign-gold-bond - 5 times(s)
2024-11-01 21:45:44.647 | INFO     | src.sgb_advisor.data:get_sgbs_from_nse_site:100 - fetched all SGB data from NSE website. Sample data - "SGBFEB28IX - Issued at ₹4070.0 - LTP ₹8500.0 - 2.5% interest - 2028-02-11"
2024-11-01 21:45:47.551 | INFO     | src.sgb_advisor.data:get_price_of_gold:134 - fetching IBJA page at https://www.ibja.co/
2024-11-01 21:45:57.862 | INFO     | src.sgb_advisor.data:get_price_of_gold:155 - fetched price of gold from IBJA as 7956.0
2024-11-01 21:45:57.864 | INFO     | src.sgb_advisor.notify:guess_mode_of_notification:81 - mode of operation is set to "('telegram',)"
2024-11-01 21:45:58.336 | INFO     | src.sgb_advisor.notify.teleg:test_bot_status:52 - telegram bot is be authenticated and running at "@sgbadvisorbot"
2024-11-01 21:45:58.952 | INFO     | src.sgb_advisor.notify.teleg:check_chat_ids:94 - chat ID is valid and corresponds to username "@heliozelio".
2024-11-01 21:46:24.077 | INFO     | src.sgb_advisor.data:get_sgbs_from_nse_site:45 - fetching NSE SGB page at https://www.nseindia.com/market-data/sovereign-gold-bond - 1 times(s)
2024-11-01 21:47:20.659 | ERROR    | src.sgb_advisor.data:get_sgbs_from_nse_site:56 - could not fetch SGBs info from NSE site
2024-11-01 21:47:24.274 | INFO     | src.sgb_advisor.data:get_sgbs_from_nse_site:45 - fetching NSE SGB page at https://www.nseindia.com/market-data/sovereign-gold-bond - 2 times(s)
2024-11-01 21:48:19.525 | ERROR    | src.sgb_advisor.data:get_sgbs_from_nse_site:56 - could not fetch SGBs info from NSE site
2024-11-01 21:48:24.296 | INFO     | src.sgb_advisor.data:get_sgbs_from_nse_site:45 - fetching NSE SGB page at https://www.nseindia.com/market-data/sovereign-gold-bond - 3 times(s)
2024-11-01 21:49:20.316 | ERROR    | src.sgb_advisor.data:get_sgbs_from_nse_site:56 - could not fetch SGBs info from NSE site
2024-11-01 21:49:24.127 | INFO     | src.sgb_advisor.data:get_sgbs_from_nse_site:45 - fetching NSE SGB page at https://www.nseindia.com/market-data/sovereign-gold-bond - 4 times(s)
2024-11-01 21:50:16.600 | ERROR    | src.sgb_advisor.data:get_sgbs_from_nse_site:56 - could not fetch SGBs info from NSE site
2024-11-01 21:50:20.616 | INFO     | src.sgb_advisor.data:get_sgbs_from_nse_site:45 - fetching NSE SGB page at https://www.nseindia.com/market-data/sovereign-gold-bond - 5 times(s)
2024-11-01 21:51:13.502 | ERROR    | src.sgb_advisor.data:get_sgbs_from_nse_site:56 - could not fetch SGBs info from NSE site
2024-11-01 21:51:17.559 | INFO     | src.sgb_advisor.data:get_sgbs_from_nse_site:45 - fetching NSE SGB page at https://www.nseindia.com/market-data/sovereign-gold-bond - 6 times(s)
2024-11-01 21:51:25.227 | INFO     | src.sgb_advisor.data:get_sgbs_from_nse_site:100 - fetched all SGB data from NSE website. Sample data - "SGBFEB28IX - Issued at ₹4070.0 - LTP ₹8500.0 - 2.5% interest - 2028-02-11"
2024-11-01 21:51:28.142 | INFO     | src.sgb_advisor.data:get_price_of_gold:134 - fetching IBJA page at https://www.ibja.co/
2024-11-01 21:51:38.687 | INFO     | src.sgb_advisor.data:get_price_of_gold:155 - fetched price of gold from IBJA as 7956.0
2024-11-01 21:51:38.692 | INFO     | src.sgb_advisor.notify:guess_mode_of_notification:81 - mode of operation is set to "('telegram',)"
2024-11-01 21:51:39.239 | INFO     | src.sgb_advisor.notify.teleg:test_bot_status:52 - telegram bot is be authenticated and running at "@sgbadvisorbot"
2024-11-01 21:51:40.142 | INFO     | src.sgb_advisor.notify.teleg:check_chat_ids:96 - chat ID is valid and corresponds to username "@heliozelio".
2024-11-01 21:51:43.907 | INFO     | src.sgb_advisor.notify.teleg:generate_screenshot_of_html:301 - taking screenshot of html file at C:\Users\V\AppData\Local\Temp/sgb_advisor/1730478100.1472175-3221.html
2024-11-01 21:51:44.263 | INFO     | src.sgb_advisor.notify.teleg:generate_screenshot_of_html:307 - saved screnshot to C:\Users\V\AppData\Local\Temp/sgb_advisor/1730478103.9112911-7164..png
2024-11-01 21:51:47.594 | INFO     | src.sgb_advisor.notify.teleg:send_message_with_photo:268 - succesfully sent message to @heliozelio with message_id 36
2024-11-03 14:20:03.283 | INFO     | src.sgb_advisor.data:get_sgbs_from_nse_site:65 - fetching NSE SGB page at https://www.nseindia.com/market-data/sovereign-gold-bond - 1 times(s)
2024-11-03 14:20:08.373 | INFO     | src.sgb_advisor.data:get_sgbs_from_nse_site:120 - fetched all SGB data from NSE website. Sample data - "SGBFEB28IX - Issued at ₹4070.0 - LTP ₹8500.0 - 2.5% interest - 2028-02-11"
2024-11-03 14:20:09.847 | INFO     | src.sgb_advisor.data:fetch_price_of_gold_from_ibja:189 - fetching IBJA page at https://www.ibja.co/ - 1 time
2024-11-03 14:20:21.764 | INFO     | src.sgb_advisor.data:get_price_of_gold:244 - fetched price of gold from IBJA as 7843.0
2024-11-03 14:20:21.766 | INFO     | src.sgb_advisor.notify:guess_mode_of_notification:76 - Mode is current set to {'telegram', 'email'}
2024-11-03 14:20:22.737 | INFO     | src.sgb_advisor.notify.teleg:test_bot_status:54 - telegram bot is be authenticated and running at "@sgbadvisorbot"
2024-11-03 14:20:23.574 | INFO     | src.sgb_advisor.notify.teleg:check_chat_ids:97 - chat ID is valid and corresponds to username "@heliozelio".
2024-11-03 14:20:24.252 | INFO     | src.sgb_advisor.notify.teleg:check_chat_ids:97 - chat ID is valid and corresponds to username "@sgbadvisortest".
2024-11-03 14:37:52.553 | INFO     | src.sgb_advisor.data:get_sgbs_from_nse_site:65 - fetching NSE SGB page at https://www.nseindia.com/market-data/sovereign-gold-bond - 1 times(s)
2024-11-03 14:37:58.530 | INFO     | src.sgb_advisor.data:get_sgbs_from_nse_site:120 - fetched all SGB data from NSE website. Sample data - "SGBFEB28IX - Issued at ₹4070.0 - LTP ₹8500.0 - 2.5% interest - 2028-02-11"
2024-11-03 14:38:00.240 | INFO     | src.sgb_advisor.data:fetch_price_of_gold_from_ibja:189 - fetching IBJA page at https://www.ibja.co/ - 1 time
2024-11-03 14:38:08.733 | INFO     | src.sgb_advisor.data:get_price_of_gold:244 - fetched price of gold from IBJA as 7843.0
2024-11-03 14:38:08.735 | INFO     | src.sgb_advisor.notify:guess_mode_of_notification:76 - Mode is current set to {'telegram', 'email'}
2024-11-03 14:38:09.207 | INFO     | src.sgb_advisor.notify.teleg:test_bot_status:54 - telegram bot is be authenticated and running at "@sgbadvisorbot"
2024-11-03 14:38:09.852 | INFO     | src.sgb_advisor.notify.teleg:check_chat_ids:97 - chat ID is valid and corresponds to username "@heliozelio".
2024-11-03 14:38:10.541 | INFO     | src.sgb_advisor.notify.teleg:check_chat_ids:97 - chat ID is valid and corresponds to username "@sgbadvisortest".
2024-11-03 14:38:42.839 | INFO     | src.sgb_advisor.data:get_sgbs_from_nse_site:65 - fetching NSE SGB page at https://www.nseindia.com/market-data/sovereign-gold-bond - 1 times(s)
2024-11-03 14:38:47.623 | INFO     | src.sgb_advisor.data:get_sgbs_from_nse_site:120 - fetched all SGB data from NSE website. Sample data - "SGBFEB28IX - Issued at ₹4070.0 - LTP ₹8500.0 - 2.5% interest - 2028-02-11"
2024-11-03 14:38:49.194 | INFO     | src.sgb_advisor.data:fetch_price_of_gold_from_ibja:189 - fetching IBJA page at https://www.ibja.co/ - 1 time
2024-11-03 14:38:57.217 | INFO     | src.sgb_advisor.data:get_price_of_gold:244 - fetched price of gold from IBJA as 7843.0
2024-11-03 14:38:57.219 | INFO     | src.sgb_advisor.notify:guess_mode_of_notification:76 - Mode is current set to {'email', 'telegram'}
2024-11-03 14:38:58.474 | INFO     | src.sgb_advisor.notify.teleg:test_bot_status:54 - telegram bot is be authenticated and running at "@sgbadvisorbot"
2024-11-03 14:38:58.966 | INFO     | src.sgb_advisor.notify.teleg:check_chat_ids:97 - chat ID is valid and corresponds to username "@heliozelio".
2024-11-03 14:38:59.495 | INFO     | src.sgb_advisor.notify.teleg:check_chat_ids:97 - chat ID is valid and corresponds to username "@sgbadvisortest".
2024-11-03 14:39:43.797 | INFO     | src.sgb_advisor.data:get_sgbs_from_nse_site:65 - fetching NSE SGB page at https://www.nseindia.com/market-data/sovereign-gold-bond - 1 times(s)
2024-11-03 14:39:49.434 | INFO     | src.sgb_advisor.data:get_sgbs_from_nse_site:120 - fetched all SGB data from NSE website. Sample data - "SGBFEB28IX - Issued at ₹4070.0 - LTP ₹8500.0 - 2.5% interest - 2028-02-11"
2024-11-03 14:39:50.869 | INFO     | src.sgb_advisor.data:fetch_price_of_gold_from_ibja:189 - fetching IBJA page at https://www.ibja.co/ - 1 time
2024-11-03 14:40:20.440 | INFO     | src.sgb_advisor.data:get_price_of_gold:244 - fetched price of gold from IBJA as 7843.0
2024-11-03 14:40:20.441 | INFO     | src.sgb_advisor.notify:guess_mode_of_notification:76 - Mode is current set to {'telegram', 'email'}
2024-11-03 14:40:21.650 | INFO     | src.sgb_advisor.notify.teleg:test_bot_status:54 - telegram bot is be authenticated and running at "@sgbadvisorbot"
2024-11-03 14:40:22.312 | INFO     | src.sgb_advisor.notify.teleg:check_chat_ids:97 - chat ID is valid and corresponds to username "@heliozelio".
2024-11-03 14:40:23.686 | INFO     | src.sgb_advisor.notify.teleg:check_chat_ids:97 - chat ID is valid and corresponds to username "@sgbadvisortest".
2024-11-03 14:40:25.520 | INFO     | src.sgb_advisor.notify.teleg:generate_screenshot_of_html:301 - taking screenshot of html file at C:\Users\V\AppData\Local\Temp\sgb_advisor\2024-11-03 SGB Advisor Output 49977.html
2024-11-03 14:40:25.775 | INFO     | src.sgb_advisor.notify.teleg:generate_screenshot_of_html:307 - saved screnshot to C:\Users\V\AppData\Local\Temp\sgb_advisor\2024-11-03 SGB Advisor Output 34634.png
2024-11-03 14:40:26.303 | ERROR    | src.sgb_advisor.notify.teleg:send_message_with_photo:244 - photos of .png format not allowed. Only png is supported
2024-11-03 22:03:36.503 | INFO     | src.sgb_advisor.data:get_sgbs_from_nse_site:65 - fetching NSE SGB page at https://www.nseindia.com/market-data/sovereign-gold-bond - 1 times(s)
2024-11-03 22:03:46.702 | INFO     | src.sgb_advisor.data:get_sgbs_from_nse_site:120 - fetched all SGB data from NSE website. Sample data - "SGBFEB28IX - Issued at ₹4070.0 - LTP ₹8500.0 - 2.5% interest - 2028-02-11"
2024-11-03 22:03:49.310 | INFO     | src.sgb_advisor.data:fetch_price_of_gold_from_ibja:189 - fetching IBJA page at https://www.ibja.co/ - 1 time
2024-11-03 22:03:59.729 | INFO     | src.sgb_advisor.data:get_price_of_gold:244 - fetched price of gold from IBJA as 7843.0
2024-11-03 22:03:59.735 | INFO     | src.sgb_advisor.notify:guess_mode_of_notification:76 - Mode is current set to {'email', 'telegram'}
2024-11-03 22:04:00.228 | INFO     | src.sgb_advisor.notify.teleg:test_bot_status:54 - telegram bot is be authenticated and running at "@sgbadvisorbot"
2024-11-03 22:04:00.898 | INFO     | src.sgb_advisor.notify.teleg:check_chat_ids:97 - chat ID is valid and corresponds to username "@heliozelio".
2024-11-03 22:04:01.718 | INFO     | src.sgb_advisor.notify.teleg:check_chat_ids:97 - chat ID is valid and corresponds to username "@sgbadvisortest".
2024-11-03 22:04:04.362 | INFO     | src.sgb_advisor.notify.teleg:generate_screenshot_of_html:301 - taking screenshot of html file at C:\Users\V\AppData\Local\Temp\sgb_advisor\2024-11-03 SGB Advisor Output 65763.html
2024-11-03 22:04:04.712 | INFO     | src.sgb_advisor.notify.teleg:generate_screenshot_of_html:307 - saved screnshot to C:\Users\V\AppData\Local\Temp\sgb_advisor\2024-11-03 SGB Advisor Output 57203.png
2024-11-03 22:04:05.732 | ERROR    | src.sgb_advisor.notify.teleg:send_message_with_photo:244 - photos of .png format not allowed. Only png is supported
2024-11-03 22:06:10.690 | INFO     | src.sgb_advisor.data:get_sgbs_from_nse_site:65 - fetching NSE SGB page at https://www.nseindia.com/market-data/sovereign-gold-bond - 1 times(s)
2024-11-03 22:07:05.971 | ERROR    | src.sgb_advisor.data:get_sgbs_from_nse_site:76 - could not fetch SGBs info from NSE site
2024-11-03 22:07:10.493 | INFO     | src.sgb_advisor.data:get_sgbs_from_nse_site:65 - fetching NSE SGB page at https://www.nseindia.com/market-data/sovereign-gold-bond - 2 times(s)
2024-11-03 22:08:03.634 | ERROR    | src.sgb_advisor.data:get_sgbs_from_nse_site:76 - could not fetch SGBs info from NSE site
2024-11-03 22:08:08.923 | INFO     | src.sgb_advisor.data:get_sgbs_from_nse_site:65 - fetching NSE SGB page at https://www.nseindia.com/market-data/sovereign-gold-bond - 3 times(s)
2024-11-03 22:08:18.909 | INFO     | src.sgb_advisor.data:get_sgbs_from_nse_site:120 - fetched all SGB data from NSE website. Sample data - "SGBFEB28IX - Issued at ₹4070.0 - LTP ₹8500.0 - 2.5% interest - 2028-02-11"
2024-11-03 22:08:22.496 | INFO     | src.sgb_advisor.data:fetch_price_of_gold_from_ibja:189 - fetching IBJA page at https://www.ibja.co/ - 1 time
2024-11-03 22:08:29.963 | INFO     | src.sgb_advisor.data:get_price_of_gold:244 - fetched price of gold from IBJA as 7843.0
2024-11-03 22:08:29.968 | INFO     | src.sgb_advisor.notify:guess_mode_of_notification:76 - Mode is current set to {'email', 'telegram'}
2024-11-03 22:08:30.468 | INFO     | src.sgb_advisor.notify.teleg:test_bot_status:54 - telegram bot is be authenticated and running at "@sgbadvisorbot"
2024-11-03 22:08:31.158 | INFO     | src.sgb_advisor.notify.teleg:check_chat_ids:97 - chat ID is valid and corresponds to username "@heliozelio".
2024-11-03 22:08:31.849 | INFO     | src.sgb_advisor.notify.teleg:check_chat_ids:97 - chat ID is valid and corresponds to username "@sgbadvisortest".
2024-11-03 22:08:34.300 | INFO     | src.sgb_advisor.notify.teleg:generate_screenshot_of_html:301 - taking screenshot of html file at C:\Users\V\AppData\Local\Temp\sgb_advisor\2024-11-03 SGB Advisor Output 28120.html
2024-11-03 22:08:34.585 | INFO     | src.sgb_advisor.notify.teleg:generate_screenshot_of_html:307 - saved screnshot to C:\Users\V\AppData\Local\Temp\sgb_advisor\2024-11-03 SGB Advisor Output 75565.png
2024-11-03 22:08:37.895 | INFO     | src.sgb_advisor.notify.teleg:send_message_with_photo:267 - succesfully sent message to @heliozelio with message_id 39
2024-11-03 22:08:39.790 | INFO     | src.sgb_advisor.notify.teleg:send_message_with_photo:267 - succesfully sent message to @sgbadvisortest with message_id 3
2024-11-03 22:08:42.898 | INFO     | src.sgb_advisor.notify.email_sender:send_email:130 - email sent to sgb-****gopal.com! Message ID: 01000192f2e49be9-cd9d3ca8-94a7-4384-a401-a980c59337ba-000000
2024-11-03 22:09:46.772 | INFO     | src.sgb_advisor.notify:guess_mode_of_notification:76 - Mode is current set to {'email', 'telegram'}
2024-11-03 22:09:47.212 | INFO     | src.sgb_advisor.notify.teleg:test_bot_status:54 - telegram bot is be authenticated and running at "@sgbadvisorbot"
2024-11-03 22:09:47.913 | INFO     | src.sgb_advisor.notify.teleg:check_chat_ids:97 - chat ID is valid and corresponds to username "@heliozelio".
2024-11-03 22:09:48.531 | INFO     | src.sgb_advisor.notify.teleg:check_chat_ids:97 - chat ID is valid and corresponds to username "@sgbadvisortest".
2024-11-03 22:09:51.631 | INFO     | src.sgb_advisor.notify.teleg:generate_screenshot_of_html:301 - taking screenshot of html file at C:\Users\V\AppData\Local\Temp\sgb_advisor\2024-11-03 SGB Advisor Output 80134.html
2024-11-03 22:09:51.925 | INFO     | src.sgb_advisor.notify.teleg:generate_screenshot_of_html:307 - saved screnshot to C:\Users\V\AppData\Local\Temp\sgb_advisor\2024-11-03 SGB Advisor Output 13250.png
2024-11-03 22:09:54.682 | INFO     | src.sgb_advisor.notify.teleg:send_message_with_photo:267 - succesfully sent message to @heliozelio with message_id 40
2024-11-03 22:09:56.528 | INFO     | src.sgb_advisor.notify.teleg:send_message_with_photo:267 - succesfully sent message to @sgbadvisortest with message_id 4
2024-11-03 22:09:58.243 | INFO     | src.sgb_advisor.notify.email_sender:send_email:130 - email sent to sgb-****gopal.com! Message ID: 01000192f2e5c556-d1bb9813-766b-4158-8060-2975dd8f80ce-000000
2024-11-03 22:11:59.963 | INFO     | src.sgb_advisor.notify:guess_mode_of_notification:76 - Mode is current set to {'email'}
2024-11-03 22:12:01.336 | INFO     | src.sgb_advisor.notify.email_sender:send_email:130 - email sent to sgb-****gopal.com! Message ID: 01000192f2e7a615-41e82928-cdf6-4a72-9095-8698419d47e5-000000
2024-11-03 22:12:42.598 | INFO     | src.sgb_advisor.notify:guess_mode_of_notification:76 - Mode is current set to {'email'}
2024-11-03 22:12:43.946 | INFO     | src.sgb_advisor.notify.email_sender:send_email:130 - email sent to sgb-****gopal.com! Message ID: 01000192f2e84c68-f421ab66-ba9d-4360-bcc3-bc95e9b38c23-000000
2024-11-03 22:12:52.241 | INFO     | src.sgb_advisor.notify:guess_mode_of_notification:76 - Mode is current set to {'email'}
2024-11-03 22:12:53.827 | INFO     | src.sgb_advisor.notify.email_sender:send_email:130 - email sent to sgb-****gopal.com! Message ID: 01000192f2e87282-b5d29527-6509-4efb-a72f-dc62c8e23b1f-000000
2024-11-03 22:14:37.561 | INFO     | src.sgb_advisor.data:get_sgbs_from_nse_site:65 - fetching NSE SGB page at https://www.nseindia.com/market-data/sovereign-gold-bond - 1 times(s)
2024-11-03 22:14:42.945 | INFO     | src.sgb_advisor.data:get_sgbs_from_nse_site:120 - fetched all SGB data from NSE website. Sample data - "SGBFEB28IX - Issued at ₹4070.0 - LTP ₹8500.0 - 2.5% interest - 2028-02-11"
2024-11-03 22:14:45.195 | INFO     | src.sgb_advisor.data:fetch_price_of_gold_from_ibja:189 - fetching IBJA page at https://www.ibja.co/ - 1 time
2024-11-03 22:14:51.712 | INFO     | src.sgb_advisor.data:get_price_of_gold:244 - fetched price of gold from IBJA as 7843.0
2024-11-03 22:14:51.713 | INFO     | src.sgb_advisor.notify:guess_mode_of_notification:76 - Mode is current set to {'telegram'}
2024-11-03 22:14:52.170 | INFO     | src.sgb_advisor.notify.teleg:test_bot_status:54 - telegram bot is be authenticated and running at "@sgbadvisorbot"
2024-11-03 22:14:53.928 | INFO     | src.sgb_advisor.notify.teleg:check_chat_ids:97 - chat ID is valid and corresponds to username "@heliozelio".
2024-11-03 22:14:54.636 | INFO     | src.sgb_advisor.notify.teleg:check_chat_ids:97 - chat ID is valid and corresponds to username "@sgbadvisortest".
2024-11-03 22:14:56.796 | INFO     | src.sgb_advisor.notify.teleg:generate_screenshot_of_html:301 - taking screenshot of html file at C:\Users\V\AppData\Local\Temp\sgb_advisor\2024-11-03 SGB Advisor Output 71335.html
2024-11-03 22:14:57.127 | INFO     | src.sgb_advisor.notify.teleg:generate_screenshot_of_html:307 - saved screnshot to C:\Users\V\AppData\Local\Temp\sgb_advisor\2024-11-03 SGB Advisor Output 50984.png
2024-11-03 22:14:59.469 | INFO     | src.sgb_advisor.notify.teleg:send_message_with_photo:267 - succesfully sent message to @heliozelio with message_id 41
2024-11-03 22:15:01.460 | INFO     | src.sgb_advisor.notify.teleg:send_message_with_photo:267 - succesfully sent message to @sgbadvisortest with message_id 5
